
=== Rice Production Error ===
Time: 2026-01-24T05:18:56.122Z
Message: new row for relation "rice_productions" violates check constraint "rice_productions_producttype_check"
Name: SequelizeDatabaseError
SQL: INSERT INTO "rice_productions" ("id","outturnId","date","productType","quantityQuintals","packagingId","bags","paddyBagsDeducted","movementType","locationCode","lorryNumber","billNumber","createdBy","status","approvedBy","approvedAt","createdAt","updatedAt") VALUES (DEFAULT,$1,$2,$3,$4,$5,$6,$7,$8,$9,$10,$11,$12,$13,$14,$15,$16,$17) RETURNING "id","outturnId","date","productType","quantityQuintals","packagingId","bags","paddyBagsDeducted","movementType","locationCode","lorryNumber","billNumber","createdBy","status","approvedBy","approvedAt","createdAt","updatedAt";
Stack: Error
    at Query.run (C:\Users\maju\Downloads\ashish_personell-main\ashish_personell-main\ashish_personell-main\ashish_personell-main\server\node_modules\sequelize\lib\dialects\postgres\query.js:50:25)
    at C:\Users\maju\Downloads\ashish_personell-main\ashish_personell-main\ashish_personell-main\ashish_personell-main\server\node_modules\sequelize\lib\sequelize.js:315:28
    at process.processTicksAndRejections (node:internal/process/task_queues:105:5)
    at async PostgresQueryInterface.insert (C:\Users\maju\Downloads\ashish_personell-main\ashish_personell-main\ashish_personell-main\ashish_personell-main\server\node_modules\sequelize\lib\dialects\abstract\query-interface.js:308:21)
    at async model.save (C:\Users\maju\Downloads\ashish_personell-main\ashish_personell-main\ashish_personell-main\ashish_personell-main\server\node_modules\sequelize\lib\model.js:2490:35)
    at async RiceProduction.create (C:\Users\maju\Downloads\ashish_personell-main\ashish_personell-main\ashish_personell-main\ashish_personell-main\server\node_modules\sequelize\lib\model.js:1362:12)
    at async C:\Users\maju\Downloads\ashish_personell-main\ashish_personell-main\ashish_personell-main\ashish_personell-main\server\routes\rice-productions.js:398:24
========================

=== Rice Production Error ===
Time: 2026-01-24T05:21:18.850Z
Message: new row for relation "rice_productions" violates check constraint "rice_productions_producttype_check"
Name: SequelizeDatabaseError
SQL: INSERT INTO "rice_productions" ("id","outturnId","date","productType","quantityQuintals","packagingId","bags","paddyBagsDeducted","movementType","locationCode","lorryNumber","billNumber","createdBy","status","approvedBy","approvedAt","createdAt","updatedAt") VALUES (DEFAULT,$1,$2,$3,$4,$5,$6,$7,$8,$9,$10,$11,$12,$13,$14,$15,$16,$17) RETURNING "id","outturnId","date","productType","quantityQuintals","packagingId","bags","paddyBagsDeducted","movementType","locationCode","lorryNumber","billNumber","createdBy","status","approvedBy","approvedAt","createdAt","updatedAt";
Stack: Error
    at Query.run (C:\Users\maju\Downloads\ashish_personell-main\ashish_personell-main\ashish_personell-main\ashish_personell-main\server\node_modules\sequelize\lib\dialects\postgres\query.js:50:25)
    at C:\Users\maju\Downloads\ashish_personell-main\ashish_personell-main\ashish_personell-main\ashish_personell-main\server\node_modules\sequelize\lib\sequelize.js:315:28
    at process.processTicksAndRejections (node:internal/process/task_queues:105:5)
    at async PostgresQueryInterface.insert (C:\Users\maju\Downloads\ashish_personell-main\ashish_personell-main\ashish_personell-main\ashish_personell-main\server\node_modules\sequelize\lib\dialects\abstract\query-interface.js:308:21)
    at async model.save (C:\Users\maju\Downloads\ashish_personell-main\ashish_personell-main\ashish_personell-main\ashish_personell-main\server\node_modules\sequelize\lib\model.js:2490:35)
    at async RiceProduction.create (C:\Users\maju\Downloads\ashish_personell-main\ashish_personell-main\ashish_personell-main\ashish_personell-main\server\node_modules\sequelize\lib\model.js:1362:12)
    at async C:\Users\maju\Downloads\ashish_personell-main\ashish_personell-main\ashish_personell-main\ashish_personell-main\server\routes\rice-productions.js:398:24
========================

=== Rice Production Error ===
Time: 2026-01-24T11:36:23.784Z
Message: new row for relation "rice_productions" violates check constraint "rice_productions_producttype_check"
Name: SequelizeDatabaseError
SQL: INSERT INTO "rice_productions" ("id","outturnId","date","productType","quantityQuintals","packagingId","bags","paddyBagsDeducted","movementType","locationCode","lorryNumber","billNumber","createdBy","status","approvedBy","approvedAt","createdAt","updatedAt") VALUES (DEFAULT,$1,$2,$3,$4,$5,$6,$7,$8,$9,$10,$11,$12,$13,$14,$15,$16,$17) RETURNING "id","outturnId","date","productType","quantityQuintals","packagingId","bags","paddyBagsDeducted","movementType","locationCode","lorryNumber","billNumber","createdBy","status","approvedBy","approvedAt","createdAt","updatedAt";
Stack: Error
    at Query.run (C:\Users\maju\Downloads\ashish_personell-main\ashish_personell-main\ashish_personell-main\ashish_personell-main\server\node_modules\sequelize\lib\dialects\postgres\query.js:50:25)
    at C:\Users\maju\Downloads\ashish_personell-main\ashish_personell-main\ashish_personell-main\ashish_personell-main\server\node_modules\sequelize\lib\sequelize.js:315:28
    at process.processTicksAndRejections (node:internal/process/task_queues:105:5)
    at async PostgresQueryInterface.insert (C:\Users\maju\Downloads\ashish_personell-main\ashish_personell-main\ashish_personell-main\ashish_personell-main\server\node_modules\sequelize\lib\dialects\abstract\query-interface.js:308:21)
    at async model.save (C:\Users\maju\Downloads\ashish_personell-main\ashish_personell-main\ashish_personell-main\ashish_personell-main\server\node_modules\sequelize\lib\model.js:2490:35)
    at async RiceProduction.create (C:\Users\maju\Downloads\ashish_personell-main\ashish_personell-main\ashish_personell-main\ashish_personell-main\server\node_modules\sequelize\lib\model.js:1362:12)
    at async C:\Users\maju\Downloads\ashish_personell-main\ashish_personell-main\ashish_personell-main\ashish_personell-main\server\routes\rice-productions.js:398:24
========================

=== Rice Production Error ===
Time: 2026-01-25T04:32:04.862Z
Message: new row for relation "rice_productions" violates check constraint "rice_productions_producttype_check"
Name: SequelizeDatabaseError
SQL: INSERT INTO "rice_productions" ("id","outturnId","date","productType","quantityQuintals","packagingId","bags","paddyBagsDeducted","movementType","locationCode","lorryNumber","billNumber","createdBy","status","approvedBy","approvedAt","createdAt","updatedAt") VALUES (DEFAULT,$1,$2,$3,$4,$5,$6,$7,$8,$9,$10,$11,$12,$13,$14,$15,$16,$17) RETURNING "id","outturnId","date","productType","quantityQuintals","packagingId","bags","paddyBagsDeducted","movementType","locationCode","lorryNumber","billNumber","createdBy","status","approvedBy","approvedAt","createdAt","updatedAt";
Stack: Error
    at Query.run (C:\Users\maju\Downloads\ashish_personell-main\ashish_personell-main\ashish_personell-main\ashish_personell-main\server\node_modules\sequelize\lib\dialects\postgres\query.js:50:25)
    at C:\Users\maju\Downloads\ashish_personell-main\ashish_personell-main\ashish_personell-main\ashish_personell-main\server\node_modules\sequelize\lib\sequelize.js:315:28
    at process.processTicksAndRejections (node:internal/process/task_queues:105:5)
    at async PostgresQueryInterface.insert (C:\Users\maju\Downloads\ashish_personell-main\ashish_personell-main\ashish_personell-main\ashish_personell-main\server\node_modules\sequelize\lib\dialects\abstract\query-interface.js:308:21)
    at async model.save (C:\Users\maju\Downloads\ashish_personell-main\ashish_personell-main\ashish_personell-main\ashish_personell-main\server\node_modules\sequelize\lib\model.js:2490:35)
    at async RiceProduction.create (C:\Users\maju\Downloads\ashish_personell-main\ashish_personell-main\ashish_personell-main\ashish_personell-main\server\node_modules\sequelize\lib\model.js:1362:12)
    at async C:\Users\maju\Downloads\ashish_personell-main\ashish_personell-main\ashish_personell-main\ashish_personell-main\server\routes\rice-productions.js:398:24
========================

=== Rice Production Error ===
Time: 2026-01-25T10:58:40.837Z
Message: new row for relation "rice_productions" violates check constraint "rice_productions_producttype_check"
Name: SequelizeDatabaseError
SQL: INSERT INTO "rice_productions" ("id","outturnId","date","productType","quantityQuintals","packagingId","bags","paddyBagsDeducted","movementType","locationCode","lorryNumber","billNumber","createdBy","status","approvedBy","approvedAt","createdAt","updatedAt") VALUES (DEFAULT,$1,$2,$3,$4,$5,$6,$7,$8,$9,$10,$11,$12,$13,$14,$15,$16,$17) RETURNING "id","outturnId","date","productType","quantityQuintals","packagingId","bags","paddyBagsDeducted","movementType","locationCode","lorryNumber","billNumber","createdBy","status","approvedBy","approvedAt","createdAt","updatedAt";
Stack: Error
    at Query.run (C:\Users\maju\Downloads\ashish_personell-main\ashish_personell-main\ashish_personell-main\ashish_personell-main\server\node_modules\sequelize\lib\dialects\postgres\query.js:50:25)
    at C:\Users\maju\Downloads\ashish_personell-main\ashish_personell-main\ashish_personell-main\ashish_personell-main\server\node_modules\sequelize\lib\sequelize.js:315:28
    at process.processTicksAndRejections (node:internal/process/task_queues:105:5)
    at async PostgresQueryInterface.insert (C:\Users\maju\Downloads\ashish_personell-main\ashish_personell-main\ashish_personell-main\ashish_personell-main\server\node_modules\sequelize\lib\dialects\abstract\query-interface.js:308:21)
    at async model.save (C:\Users\maju\Downloads\ashish_personell-main\ashish_personell-main\ashish_personell-main\ashish_personell-main\server\node_modules\sequelize\lib\model.js:2490:35)
    at async RiceProduction.create (C:\Users\maju\Downloads\ashish_personell-main\ashish_personell-main\ashish_personell-main\ashish_personell-main\server\node_modules\sequelize\lib\model.js:1362:12)
    at async C:\Users\maju\Downloads\ashish_personell-main\ashish_personell-main\ashish_personell-main\ashish_personell-main\server\routes\rice-productions.js:398:24
========================

=== Rice Production Error ===
Time: 2026-01-25T10:58:56.724Z
Message: new row for relation "rice_productions" violates check constraint "rice_productions_producttype_check"
Name: SequelizeDatabaseError
SQL: INSERT INTO "rice_productions" ("id","outturnId","date","productType","quantityQuintals","packagingId","bags","paddyBagsDeducted","movementType","locationCode","lorryNumber","billNumber","createdBy","status","approvedBy","approvedAt","createdAt","updatedAt") VALUES (DEFAULT,$1,$2,$3,$4,$5,$6,$7,$8,$9,$10,$11,$12,$13,$14,$15,$16,$17) RETURNING "id","outturnId","date","productType","quantityQuintals","packagingId","bags","paddyBagsDeducted","movementType","locationCode","lorryNumber","billNumber","createdBy","status","approvedBy","approvedAt","createdAt","updatedAt";
Stack: Error
    at Query.run (C:\Users\maju\Downloads\ashish_personell-main\ashish_personell-main\ashish_personell-main\ashish_personell-main\server\node_modules\sequelize\lib\dialects\postgres\query.js:50:25)
    at C:\Users\maju\Downloads\ashish_personell-main\ashish_personell-main\ashish_personell-main\ashish_personell-main\server\node_modules\sequelize\lib\sequelize.js:315:28
    at process.processTicksAndRejections (node:internal/process/task_queues:105:5)
    at async PostgresQueryInterface.insert (C:\Users\maju\Downloads\ashish_personell-main\ashish_personell-main\ashish_personell-main\ashish_personell-main\server\node_modules\sequelize\lib\dialects\abstract\query-interface.js:308:21)
    at async model.save (C:\Users\maju\Downloads\ashish_personell-main\ashish_personell-main\ashish_personell-main\ashish_personell-main\server\node_modules\sequelize\lib\model.js:2490:35)
    at async RiceProduction.create (C:\Users\maju\Downloads\ashish_personell-main\ashish_personell-main\ashish_personell-main\ashish_personell-main\server\node_modules\sequelize\lib\model.js:1362:12)
    at async C:\Users\maju\Downloads\ashish_personell-main\ashish_personell-main\ashish_personell-main\ashish_personell-main\server\routes\rice-productions.js:398:24
========================

=== Rice Production Error ===
Time: 2026-01-25T10:59:10.434Z
Message: new row for relation "rice_productions" violates check constraint "rice_productions_producttype_check"
Name: SequelizeDatabaseError
SQL: INSERT INTO "rice_productions" ("id","outturnId","date","productType","quantityQuintals","packagingId","bags","paddyBagsDeducted","movementType","locationCode","lorryNumber","billNumber","createdBy","status","approvedBy","approvedAt","createdAt","updatedAt") VALUES (DEFAULT,$1,$2,$3,$4,$5,$6,$7,$8,$9,$10,$11,$12,$13,$14,$15,$16,$17) RETURNING "id","outturnId","date","productType","quantityQuintals","packagingId","bags","paddyBagsDeducted","movementType","locationCode","lorryNumber","billNumber","createdBy","status","approvedBy","approvedAt","createdAt","updatedAt";
Stack: Error
    at Query.run (C:\Users\maju\Downloads\ashish_personell-main\ashish_personell-main\ashish_personell-main\ashish_personell-main\server\node_modules\sequelize\lib\dialects\postgres\query.js:50:25)
    at C:\Users\maju\Downloads\ashish_personell-main\ashish_personell-main\ashish_personell-main\ashish_personell-main\server\node_modules\sequelize\lib\sequelize.js:315:28
    at process.processTicksAndRejections (node:internal/process/task_queues:105:5)
    at async PostgresQueryInterface.insert (C:\Users\maju\Downloads\ashish_personell-main\ashish_personell-main\ashish_personell-main\ashish_personell-main\server\node_modules\sequelize\lib\dialects\abstract\query-interface.js:308:21)
    at async model.save (C:\Users\maju\Downloads\ashish_personell-main\ashish_personell-main\ashish_personell-main\ashish_personell-main\server\node_modules\sequelize\lib\model.js:2490:35)
    at async RiceProduction.create (C:\Users\maju\Downloads\ashish_personell-main\ashish_personell-main\ashish_personell-main\ashish_personell-main\server\node_modules\sequelize\lib\model.js:1362:12)
    at async C:\Users\maju\Downloads\ashish_personell-main\ashish_personell-main\ashish_personell-main\ashish_personell-main\server\routes\rice-productions.js:398:24
========================

=== Rice Production Error ===
Time: 2026-01-25T15:06:32.958Z
Message: new row for relation "rice_productions" violates check constraint "rice_productions_producttype_check"
Name: SequelizeDatabaseError
SQL: INSERT INTO "rice_productions" ("id","outturnId","date","productType","quantityQuintals","packagingId","bags","paddyBagsDeducted","movementType","locationCode","lorryNumber","billNumber","createdBy","status","approvedBy","approvedAt","createdAt","updatedAt") VALUES (DEFAULT,$1,$2,$3,$4,$5,$6,$7,$8,$9,$10,$11,$12,$13,$14,$15,$16,$17) RETURNING "id","outturnId","date","productType","quantityQuintals","packagingId","bags","paddyBagsDeducted","movementType","locationCode","lorryNumber","billNumber","createdBy","status","approvedBy","approvedAt","createdAt","updatedAt";
Stack: Error
    at Query.run (C:\Users\maju\Downloads\ashish_personell-main\ashish_personell-main\ashish_personell-main\ashish_personell-main\server\node_modules\sequelize\lib\dialects\postgres\query.js:50:25)
    at C:\Users\maju\Downloads\ashish_personell-main\ashish_personell-main\ashish_personell-main\ashish_personell-main\server\node_modules\sequelize\lib\sequelize.js:315:28
    at process.processTicksAndRejections (node:internal/process/task_queues:105:5)
    at async PostgresQueryInterface.insert (C:\Users\maju\Downloads\ashish_personell-main\ashish_personell-main\ashish_personell-main\ashish_personell-main\server\node_modules\sequelize\lib\dialects\abstract\query-interface.js:308:21)
    at async model.save (C:\Users\maju\Downloads\ashish_personell-main\ashish_personell-main\ashish_personell-main\ashish_personell-main\server\node_modules\sequelize\lib\model.js:2490:35)
    at async RiceProduction.create (C:\Users\maju\Downloads\ashish_personell-main\ashish_personell-main\ashish_personell-main\ashish_personell-main\server\node_modules\sequelize\lib\model.js:1362:12)
    at async C:\Users\maju\Downloads\ashish_personell-main\ashish_personell-main\ashish_personell-main\ashish_personell-main\server\routes\rice-productions.js:398:24
========================

=== Rice Production Error ===
Time: 2026-01-25T18:26:12.127Z
Message: new row for relation "rice_productions" violates check constraint "rice_productions_producttype_check"
Name: SequelizeDatabaseError
SQL: INSERT INTO "rice_productions" ("id","outturnId","date","productType","quantityQuintals","packagingId","bags","paddyBagsDeducted","movementType","locationCode","lorryNumber","billNumber","createdBy","status","approvedBy","approvedAt","createdAt","updatedAt") VALUES (DEFAULT,$1,$2,$3,$4,$5,$6,$7,$8,$9,$10,$11,$12,$13,$14,$15,$16,$17) RETURNING "id","outturnId","date","productType","quantityQuintals","packagingId","bags","paddyBagsDeducted","movementType","locationCode","lorryNumber","billNumber","createdBy","status","approvedBy","approvedAt","createdAt","updatedAt";
Stack: Error
    at Query.run (C:\Users\maju\Downloads\ashish_personell-main\ashish_personell-main\ashish_personell-main\ashish_personell-main\server\node_modules\sequelize\lib\dialects\postgres\query.js:50:25)
    at C:\Users\maju\Downloads\ashish_personell-main\ashish_personell-main\ashish_personell-main\ashish_personell-main\server\node_modules\sequelize\lib\sequelize.js:315:28
    at process.processTicksAndRejections (node:internal/process/task_queues:105:5)
    at async PostgresQueryInterface.insert (C:\Users\maju\Downloads\ashish_personell-main\ashish_personell-main\ashish_personell-main\ashish_personell-main\server\node_modules\sequelize\lib\dialects\abstract\query-interface.js:308:21)
    at async model.save (C:\Users\maju\Downloads\ashish_personell-main\ashish_personell-main\ashish_personell-main\ashish_personell-main\server\node_modules\sequelize\lib\model.js:2490:35)
    at async RiceProduction.create (C:\Users\maju\Downloads\ashish_personell-main\ashish_personell-main\ashish_personell-main\ashish_personell-main\server\node_modules\sequelize\lib\model.js:1362:12)
    at async C:\Users\maju\Downloads\ashish_personell-main\ashish_personell-main\ashish_personell-main\ashish_personell-main\server\routes\rice-productions.js:398:24
========================

=== Rice Production Error ===
Time: 2026-01-25T18:29:41.252Z
Message: new row for relation "rice_productions" violates check constraint "rice_productions_producttype_check"
Name: SequelizeDatabaseError
SQL: INSERT INTO "rice_productions" ("id","outturnId","date","productType","quantityQuintals","packagingId","bags","paddyBagsDeducted","movementType","locationCode","lorryNumber","billNumber","createdBy","status","approvedBy","approvedAt","createdAt","updatedAt") VALUES (DEFAULT,$1,$2,$3,$4,$5,$6,$7,$8,$9,$10,$11,$12,$13,$14,$15,$16,$17) RETURNING "id","outturnId","date","productType","quantityQuintals","packagingId","bags","paddyBagsDeducted","movementType","locationCode","lorryNumber","billNumber","createdBy","status","approvedBy","approvedAt","createdAt","updatedAt";
Stack: Error
    at Query.run (C:\Users\maju\Downloads\ashish_personell-main\ashish_personell-main\ashish_personell-main\ashish_personell-main\server\node_modules\sequelize\lib\dialects\postgres\query.js:50:25)
    at C:\Users\maju\Downloads\ashish_personell-main\ashish_personell-main\ashish_personell-main\ashish_personell-main\server\node_modules\sequelize\lib\sequelize.js:315:28
    at process.processTicksAndRejections (node:internal/process/task_queues:105:5)
    at async PostgresQueryInterface.insert (C:\Users\maju\Downloads\ashish_personell-main\ashish_personell-main\ashish_personell-main\ashish_personell-main\server\node_modules\sequelize\lib\dialects\abstract\query-interface.js:308:21)
    at async model.save (C:\Users\maju\Downloads\ashish_personell-main\ashish_personell-main\ashish_personell-main\ashish_personell-main\server\node_modules\sequelize\lib\model.js:2490:35)
    at async RiceProduction.create (C:\Users\maju\Downloads\ashish_personell-main\ashish_personell-main\ashish_personell-main\ashish_personell-main\server\node_modules\sequelize\lib\model.js:1362:12)
    at async C:\Users\maju\Downloads\ashish_personell-main\ashish_personell-main\ashish_personell-main\ashish_personell-main\server\routes\rice-productions.js:398:24
========================

=== Rice Production Error ===
Time: 2026-01-25T18:31:05.750Z
Message: new row for relation "rice_productions" violates check constraint "rice_productions_producttype_check"
Name: SequelizeDatabaseError
SQL: INSERT INTO "rice_productions" ("id","outturnId","date","productType","quantityQuintals","packagingId","bags","paddyBagsDeducted","movementType","locationCode","lorryNumber","billNumber","createdBy","status","approvedBy","approvedAt","createdAt","updatedAt") VALUES (DEFAULT,$1,$2,$3,$4,$5,$6,$7,$8,$9,$10,$11,$12,$13,$14,$15,$16,$17) RETURNING "id","outturnId","date","productType","quantityQuintals","packagingId","bags","paddyBagsDeducted","movementType","locationCode","lorryNumber","billNumber","createdBy","status","approvedBy","approvedAt","createdAt","updatedAt";
Stack: Error
    at Query.run (C:\Users\maju\Downloads\ashish_personell-main\ashish_personell-main\ashish_personell-main\ashish_personell-main\server\node_modules\sequelize\lib\dialects\postgres\query.js:50:25)
    at C:\Users\maju\Downloads\ashish_personell-main\ashish_personell-main\ashish_personell-main\ashish_personell-main\server\node_modules\sequelize\lib\sequelize.js:315:28
    at process.processTicksAndRejections (node:internal/process/task_queues:105:5)
    at async PostgresQueryInterface.insert (C:\Users\maju\Downloads\ashish_personell-main\ashish_personell-main\ashish_personell-main\ashish_personell-main\server\node_modules\sequelize\lib\dialects\abstract\query-interface.js:308:21)
    at async model.save (C:\Users\maju\Downloads\ashish_personell-main\ashish_personell-main\ashish_personell-main\ashish_personell-main\server\node_modules\sequelize\lib\model.js:2490:35)
    at async RiceProduction.create (C:\Users\maju\Downloads\ashish_personell-main\ashish_personell-main\ashish_personell-main\ashish_personell-main\server\node_modules\sequelize\lib\model.js:1362:12)
    at async C:\Users\maju\Downloads\ashish_personell-main\ashish_personell-main\ashish_personell-main\ashish_personell-main\server\routes\rice-productions.js:398:24
========================

=== Rice Production Error ===
Time: 2026-01-25T18:36:30.467Z
Message: new row for relation "rice_productions" violates check constraint "rice_productions_producttype_check"
Name: SequelizeDatabaseError
SQL: INSERT INTO "rice_productions" ("id","outturnId","date","productType","quantityQuintals","packagingId","bags","paddyBagsDeducted","movementType","locationCode","lorryNumber","billNumber","createdBy","status","approvedBy","approvedAt","createdAt","updatedAt") VALUES (DEFAULT,$1,$2,$3,$4,$5,$6,$7,$8,$9,$10,$11,$12,$13,$14,$15,$16,$17) RETURNING "id","outturnId","date","productType","quantityQuintals","packagingId","bags","paddyBagsDeducted","movementType","locationCode","lorryNumber","billNumber","createdBy","status","approvedBy","approvedAt","createdAt","updatedAt";
Stack: Error
    at Query.run (C:\Users\maju\Downloads\ashish_personell-main\ashish_personell-main\ashish_personell-main\ashish_personell-main\server\node_modules\sequelize\lib\dialects\postgres\query.js:50:25)
    at C:\Users\maju\Downloads\ashish_personell-main\ashish_personell-main\ashish_personell-main\ashish_personell-main\server\node_modules\sequelize\lib\sequelize.js:315:28
    at process.processTicksAndRejections (node:internal/process/task_queues:105:5)
    at async PostgresQueryInterface.insert (C:\Users\maju\Downloads\ashish_personell-main\ashish_personell-main\ashish_personell-main\ashish_personell-main\server\node_modules\sequelize\lib\dialects\abstract\query-interface.js:308:21)
    at async model.save (C:\Users\maju\Downloads\ashish_personell-main\ashish_personell-main\ashish_personell-main\ashish_personell-main\server\node_modules\sequelize\lib\model.js:2490:35)
    at async RiceProduction.create (C:\Users\maju\Downloads\ashish_personell-main\ashish_personell-main\ashish_personell-main\ashish_personell-main\server\node_modules\sequelize\lib\model.js:1362:12)
    at async C:\Users\maju\Downloads\ashish_personell-main\ashish_personell-main\ashish_personell-main\ashish_personell-main\server\routes\rice-productions.js:398:24
========================

=== Rice Production Error ===
Time: 2026-01-25T18:42:34.814Z
Message: new row for relation "rice_productions" violates check constraint "rice_productions_producttype_check"
Name: SequelizeDatabaseError
SQL: INSERT INTO "rice_productions" ("id","outturnId","date","productType","quantityQuintals","packagingId","bags","paddyBagsDeducted","movementType","locationCode","lorryNumber","billNumber","createdBy","status","approvedBy","approvedAt","createdAt","updatedAt") VALUES (DEFAULT,$1,$2,$3,$4,$5,$6,$7,$8,$9,$10,$11,$12,$13,$14,$15,$16,$17) RETURNING "id","outturnId","date","productType","quantityQuintals","packagingId","bags","paddyBagsDeducted","movementType","locationCode","lorryNumber","billNumber","createdBy","status","approvedBy","approvedAt","createdAt","updatedAt";
Stack: Error
    at Query.run (C:\Users\maju\Downloads\ashish_personell-main\ashish_personell-main\ashish_personell-main\ashish_personell-main\server\node_modules\sequelize\lib\dialects\postgres\query.js:50:25)
    at C:\Users\maju\Downloads\ashish_personell-main\ashish_personell-main\ashish_personell-main\ashish_personell-main\server\node_modules\sequelize\lib\sequelize.js:315:28
    at process.processTicksAndRejections (node:internal/process/task_queues:105:5)
    at async PostgresQueryInterface.insert (C:\Users\maju\Downloads\ashish_personell-main\ashish_personell-main\ashish_personell-main\ashish_personell-main\server\node_modules\sequelize\lib\dialects\abstract\query-interface.js:308:21)
    at async model.save (C:\Users\maju\Downloads\ashish_personell-main\ashish_personell-main\ashish_personell-main\ashish_personell-main\server\node_modules\sequelize\lib\model.js:2490:35)
    at async RiceProduction.create (C:\Users\maju\Downloads\ashish_personell-main\ashish_personell-main\ashish_personell-main\ashish_personell-main\server\node_modules\sequelize\lib\model.js:1362:12)
    at async C:\Users\maju\Downloads\ashish_personell-main\ashish_personell-main\ashish_personell-main\ashish_personell-main\server\routes\rice-productions.js:398:24
========================

=== Rice Production Error ===
Time: 2026-01-25T18:43:01.527Z
Message: new row for relation "rice_productions" violates check constraint "rice_productions_producttype_check"
Name: SequelizeDatabaseError
SQL: INSERT INTO "rice_productions" ("id","outturnId","date","productType","quantityQuintals","packagingId","bags","paddyBagsDeducted","movementType","locationCode","lorryNumber","billNumber","createdBy","status","approvedBy","approvedAt","createdAt","updatedAt") VALUES (DEFAULT,$1,$2,$3,$4,$5,$6,$7,$8,$9,$10,$11,$12,$13,$14,$15,$16,$17) RETURNING "id","outturnId","date","productType","quantityQuintals","packagingId","bags","paddyBagsDeducted","movementType","locationCode","lorryNumber","billNumber","createdBy","status","approvedBy","approvedAt","createdAt","updatedAt";
Stack: Error
    at Query.run (C:\Users\maju\Downloads\ashish_personell-main\ashish_personell-main\ashish_personell-main\ashish_personell-main\server\node_modules\sequelize\lib\dialects\postgres\query.js:50:25)
    at C:\Users\maju\Downloads\ashish_personell-main\ashish_personell-main\ashish_personell-main\ashish_personell-main\server\node_modules\sequelize\lib\sequelize.js:315:28
    at process.processTicksAndRejections (node:internal/process/task_queues:105:5)
    at async PostgresQueryInterface.insert (C:\Users\maju\Downloads\ashish_personell-main\ashish_personell-main\ashish_personell-main\ashish_personell-main\server\node_modules\sequelize\lib\dialects\abstract\query-interface.js:308:21)
    at async model.save (C:\Users\maju\Downloads\ashish_personell-main\ashish_personell-main\ashish_personell-main\ashish_personell-main\server\node_modules\sequelize\lib\model.js:2490:35)
    at async RiceProduction.create (C:\Users\maju\Downloads\ashish_personell-main\ashish_personell-main\ashish_personell-main\ashish_personell-main\server\node_modules\sequelize\lib\model.js:1362:12)
    at async C:\Users\maju\Downloads\ashish_personell-main\ashish_personell-main\ashish_personell-main\ashish_personell-main\server\routes\rice-productions.js:398:24
========================

=== Rice Production Error ===
Time: 2026-01-26T02:45:51.375Z
Message: new row for relation "rice_productions" violates check constraint "rice_productions_producttype_check"
Name: SequelizeDatabaseError
SQL: INSERT INTO "rice_productions" ("id","outturnId","date","productType","quantityQuintals","packagingId","bags","paddyBagsDeducted","movementType","locationCode","lorryNumber","billNumber","createdBy","status","approvedBy","approvedAt","createdAt","updatedAt") VALUES (DEFAULT,$1,$2,$3,$4,$5,$6,$7,$8,$9,$10,$11,$12,$13,$14,$15,$16,$17) RETURNING "id","outturnId","date","productType","quantityQuintals","packagingId","bags","paddyBagsDeducted","movementType","locationCode","lorryNumber","billNumber","createdBy","status","approvedBy","approvedAt","createdAt","updatedAt";
Stack: Error
    at Query.run (C:\Users\maju\Downloads\ashish_personell-main\ashish_personell-main\ashish_personell-main\ashish_personell-main\server\node_modules\sequelize\lib\dialects\postgres\query.js:50:25)
    at C:\Users\maju\Downloads\ashish_personell-main\ashish_personell-main\ashish_personell-main\ashish_personell-main\server\node_modules\sequelize\lib\sequelize.js:315:28
    at process.processTicksAndRejections (node:internal/process/task_queues:105:5)
    at async PostgresQueryInterface.insert (C:\Users\maju\Downloads\ashish_personell-main\ashish_personell-main\ashish_personell-main\ashish_personell-main\server\node_modules\sequelize\lib\dialects\abstract\query-interface.js:308:21)
    at async model.save (C:\Users\maju\Downloads\ashish_personell-main\ashish_personell-main\ashish_personell-main\ashish_personell-main\server\node_modules\sequelize\lib\model.js:2490:35)
    at async RiceProduction.create (C:\Users\maju\Downloads\ashish_personell-main\ashish_personell-main\ashish_personell-main\ashish_personell-main\server\node_modules\sequelize\lib\model.js:1362:12)
    at async C:\Users\maju\Downloads\ashish_personell-main\ashish_personell-main\ashish_personell-main\ashish_personell-main\server\routes\rice-productions.js:398:24
========================

=== Rice Production Error ===
Time: 2026-01-26T02:49:38.323Z
Message: new row for relation "rice_productions" violates check constraint "rice_productions_producttype_check"
Name: SequelizeDatabaseError
SQL: INSERT INTO "rice_productions" ("id","outturnId","date","productType","quantityQuintals","packagingId","bags","paddyBagsDeducted","movementType","locationCode","lorryNumber","billNumber","createdBy","status","approvedBy","approvedAt","createdAt","updatedAt") VALUES (DEFAULT,$1,$2,$3,$4,$5,$6,$7,$8,$9,$10,$11,$12,$13,$14,$15,$16,$17) RETURNING "id","outturnId","date","productType","quantityQuintals","packagingId","bags","paddyBagsDeducted","movementType","locationCode","lorryNumber","billNumber","createdBy","status","approvedBy","approvedAt","createdAt","updatedAt";
Stack: Error
    at Query.run (C:\Users\maju\Downloads\ashish_personell-main\ashish_personell-main\ashish_personell-main\ashish_personell-main\server\node_modules\sequelize\lib\dialects\postgres\query.js:50:25)
    at C:\Users\maju\Downloads\ashish_personell-main\ashish_personell-main\ashish_personell-main\ashish_personell-main\server\node_modules\sequelize\lib\sequelize.js:315:28
    at process.processTicksAndRejections (node:internal/process/task_queues:105:5)
    at async PostgresQueryInterface.insert (C:\Users\maju\Downloads\ashish_personell-main\ashish_personell-main\ashish_personell-main\ashish_personell-main\server\node_modules\sequelize\lib\dialects\abstract\query-interface.js:308:21)
    at async model.save (C:\Users\maju\Downloads\ashish_personell-main\ashish_personell-main\ashish_personell-main\ashish_personell-main\server\node_modules\sequelize\lib\model.js:2490:35)
    at async RiceProduction.create (C:\Users\maju\Downloads\ashish_personell-main\ashish_personell-main\ashish_personell-main\ashish_personell-main\server\node_modules\sequelize\lib\model.js:1362:12)
    at async C:\Users\maju\Downloads\ashish_personell-main\ashish_personell-main\ashish_personell-main\ashish_personell-main\server\routes\rice-productions.js:398:24
========================

=== Rice Production Error ===
Time: 2026-01-26T02:49:53.559Z
Message: new row for relation "rice_productions" violates check constraint "rice_productions_producttype_check"
Name: SequelizeDatabaseError
SQL: INSERT INTO "rice_productions" ("id","outturnId","date","productType","quantityQuintals","packagingId","bags","paddyBagsDeducted","movementType","locationCode","lorryNumber","billNumber","createdBy","status","approvedBy","approvedAt","createdAt","updatedAt") VALUES (DEFAULT,$1,$2,$3,$4,$5,$6,$7,$8,$9,$10,$11,$12,$13,$14,$15,$16,$17) RETURNING "id","outturnId","date","productType","quantityQuintals","packagingId","bags","paddyBagsDeducted","movementType","locationCode","lorryNumber","billNumber","createdBy","status","approvedBy","approvedAt","createdAt","updatedAt";
Stack: Error
    at Query.run (C:\Users\maju\Downloads\ashish_personell-main\ashish_personell-main\ashish_personell-main\ashish_personell-main\server\node_modules\sequelize\lib\dialects\postgres\query.js:50:25)
    at C:\Users\maju\Downloads\ashish_personell-main\ashish_personell-main\ashish_personell-main\ashish_personell-main\server\node_modules\sequelize\lib\sequelize.js:315:28
    at process.processTicksAndRejections (node:internal/process/task_queues:105:5)
    at async PostgresQueryInterface.insert (C:\Users\maju\Downloads\ashish_personell-main\ashish_personell-main\ashish_personell-main\ashish_personell-main\server\node_modules\sequelize\lib\dialects\abstract\query-interface.js:308:21)
    at async model.save (C:\Users\maju\Downloads\ashish_personell-main\ashish_personell-main\ashish_personell-main\ashish_personell-main\server\node_modules\sequelize\lib\model.js:2490:35)
    at async RiceProduction.create (C:\Users\maju\Downloads\ashish_personell-main\ashish_personell-main\ashish_personell-main\ashish_personell-main\server\node_modules\sequelize\lib\model.js:1362:12)
    at async C:\Users\maju\Downloads\ashish_personell-main\ashish_personell-main\ashish_personell-main\ashish_personell-main\server\routes\rice-productions.js:398:24
========================

=== Rice Production Error ===
Time: 2026-01-26T02:57:23.125Z
Message: new row for relation "rice_productions" violates check constraint "rice_productions_producttype_check"
Name: SequelizeDatabaseError
SQL: INSERT INTO "rice_productions" ("id","outturnId","date","productType","quantityQuintals","packagingId","bags","paddyBagsDeducted","movementType","locationCode","lorryNumber","billNumber","createdBy","status","approvedBy","approvedAt","createdAt","updatedAt") VALUES (DEFAULT,$1,$2,$3,$4,$5,$6,$7,$8,$9,$10,$11,$12,$13,$14,$15,$16,$17) RETURNING "id","outturnId","date","productType","quantityQuintals","packagingId","bags","paddyBagsDeducted","movementType","locationCode","lorryNumber","billNumber","createdBy","status","approvedBy","approvedAt","createdAt","updatedAt";
Stack: Error
    at Query.run (C:\Users\maju\Downloads\ashish_personell-main\ashish_personell-main\ashish_personell-main\ashish_personell-main\server\node_modules\sequelize\lib\dialects\postgres\query.js:50:25)
    at C:\Users\maju\Downloads\ashish_personell-main\ashish_personell-main\ashish_personell-main\ashish_personell-main\server\node_modules\sequelize\lib\sequelize.js:315:28
    at process.processTicksAndRejections (node:internal/process/task_queues:105:5)
    at async PostgresQueryInterface.insert (C:\Users\maju\Downloads\ashish_personell-main\ashish_personell-main\ashish_personell-main\ashish_personell-main\server\node_modules\sequelize\lib\dialects\abstract\query-interface.js:308:21)
    at async model.save (C:\Users\maju\Downloads\ashish_personell-main\ashish_personell-main\ashish_personell-main\ashish_personell-main\server\node_modules\sequelize\lib\model.js:2490:35)
    at async RiceProduction.create (C:\Users\maju\Downloads\ashish_personell-main\ashish_personell-main\ashish_personell-main\ashish_personell-main\server\node_modules\sequelize\lib\model.js:1362:12)
    at async C:\Users\maju\Downloads\ashish_personell-main\ashish_personell-main\ashish_personell-main\ashish_personell-main\server\routes\rice-productions.js:398:24
========================

=== Rice Production Error ===
Time: 2026-01-26T02:58:28.314Z
Message: new row for relation "rice_productions" violates check constraint "rice_productions_producttype_check"
Name: SequelizeDatabaseError
SQL: INSERT INTO "rice_productions" ("id","outturnId","date","productType","quantityQuintals","packagingId","bags","paddyBagsDeducted","movementType","locationCode","lorryNumber","billNumber","createdBy","status","approvedBy","approvedAt","createdAt","updatedAt") VALUES (DEFAULT,$1,$2,$3,$4,$5,$6,$7,$8,$9,$10,$11,$12,$13,$14,$15,$16,$17) RETURNING "id","outturnId","date","productType","quantityQuintals","packagingId","bags","paddyBagsDeducted","movementType","locationCode","lorryNumber","billNumber","createdBy","status","approvedBy","approvedAt","createdAt","updatedAt";
Stack: Error
    at Query.run (C:\Users\maju\Downloads\ashish_personell-main\ashish_personell-main\ashish_personell-main\ashish_personell-main\server\node_modules\sequelize\lib\dialects\postgres\query.js:50:25)
    at C:\Users\maju\Downloads\ashish_personell-main\ashish_personell-main\ashish_personell-main\ashish_personell-main\server\node_modules\sequelize\lib\sequelize.js:315:28
    at process.processTicksAndRejections (node:internal/process/task_queues:105:5)
    at async PostgresQueryInterface.insert (C:\Users\maju\Downloads\ashish_personell-main\ashish_personell-main\ashish_personell-main\ashish_personell-main\server\node_modules\sequelize\lib\dialects\abstract\query-interface.js:308:21)
    at async model.save (C:\Users\maju\Downloads\ashish_personell-main\ashish_personell-main\ashish_personell-main\ashish_personell-main\server\node_modules\sequelize\lib\model.js:2490:35)
    at async RiceProduction.create (C:\Users\maju\Downloads\ashish_personell-main\ashish_personell-main\ashish_personell-main\ashish_personell-main\server\node_modules\sequelize\lib\model.js:1362:12)
    at async C:\Users\maju\Downloads\ashish_personell-main\ashish_personell-main\ashish_personell-main\ashish_personell-main\server\routes\rice-productions.js:398:24
========================

=== Rice Production Error ===
Time: 2026-01-26T02:58:43.621Z
Message: new row for relation "rice_productions" violates check constraint "rice_productions_producttype_check"
Name: SequelizeDatabaseError
SQL: INSERT INTO "rice_productions" ("id","outturnId","date","productType","quantityQuintals","packagingId","bags","paddyBagsDeducted","movementType","locationCode","lorryNumber","billNumber","createdBy","status","approvedBy","approvedAt","createdAt","updatedAt") VALUES (DEFAULT,$1,$2,$3,$4,$5,$6,$7,$8,$9,$10,$11,$12,$13,$14,$15,$16,$17) RETURNING "id","outturnId","date","productType","quantityQuintals","packagingId","bags","paddyBagsDeducted","movementType","locationCode","lorryNumber","billNumber","createdBy","status","approvedBy","approvedAt","createdAt","updatedAt";
Stack: Error
    at Query.run (C:\Users\maju\Downloads\ashish_personell-main\ashish_personell-main\ashish_personell-main\ashish_personell-main\server\node_modules\sequelize\lib\dialects\postgres\query.js:50:25)
    at C:\Users\maju\Downloads\ashish_personell-main\ashish_personell-main\ashish_personell-main\ashish_personell-main\server\node_modules\sequelize\lib\sequelize.js:315:28
    at process.processTicksAndRejections (node:internal/process/task_queues:105:5)
    at async PostgresQueryInterface.insert (C:\Users\maju\Downloads\ashish_personell-main\ashish_personell-main\ashish_personell-main\ashish_personell-main\server\node_modules\sequelize\lib\dialects\abstract\query-interface.js:308:21)
    at async model.save (C:\Users\maju\Downloads\ashish_personell-main\ashish_personell-main\ashish_personell-main\ashish_personell-main\server\node_modules\sequelize\lib\model.js:2490:35)
    at async RiceProduction.create (C:\Users\maju\Downloads\ashish_personell-main\ashish_personell-main\ashish_personell-main\ashish_personell-main\server\node_modules\sequelize\lib\model.js:1362:12)
    at async C:\Users\maju\Downloads\ashish_personell-main\ashish_personell-main\ashish_personell-main\ashish_personell-main\server\routes\rice-productions.js:398:24
========================

=== Rice Production Error ===
Time: 2026-01-26T04:25:00.169Z
Message: new row for relation "rice_productions" violates check constraint "rice_productions_producttype_check"
Name: SequelizeDatabaseError
SQL: INSERT INTO "rice_productions" ("id","outturnId","date","productType","quantityQuintals","packagingId","bags","paddyBagsDeducted","movementType","locationCode","lorryNumber","billNumber","createdBy","status","approvedBy","approvedAt","createdAt","updatedAt") VALUES (DEFAULT,$1,$2,$3,$4,$5,$6,$7,$8,$9,$10,$11,$12,$13,$14,$15,$16,$17) RETURNING "id","outturnId","date","productType","quantityQuintals","packagingId","bags","paddyBagsDeducted","movementType","locationCode","lorryNumber","billNumber","createdBy","status","approvedBy","approvedAt","createdAt","updatedAt";
Stack: Error
    at Query.run (C:\Users\maju\Downloads\ashish_personell-main\ashish_personell-main\ashish_personell-main\ashish_personell-main\server\node_modules\sequelize\lib\dialects\postgres\query.js:50:25)
    at C:\Users\maju\Downloads\ashish_personell-main\ashish_personell-main\ashish_personell-main\ashish_personell-main\server\node_modules\sequelize\lib\sequelize.js:315:28
    at process.processTicksAndRejections (node:internal/process/task_queues:105:5)
    at async PostgresQueryInterface.insert (C:\Users\maju\Downloads\ashish_personell-main\ashish_personell-main\ashish_personell-main\ashish_personell-main\server\node_modules\sequelize\lib\dialects\abstract\query-interface.js:308:21)
    at async model.save (C:\Users\maju\Downloads\ashish_personell-main\ashish_personell-main\ashish_personell-main\ashish_personell-main\server\node_modules\sequelize\lib\model.js:2490:35)
    at async RiceProduction.create (C:\Users\maju\Downloads\ashish_personell-main\ashish_personell-main\ashish_personell-main\ashish_personell-main\server\node_modules\sequelize\lib\model.js:1362:12)
    at async C:\Users\maju\Downloads\ashish_personell-main\ashish_personell-main\ashish_personell-main\ashish_personell-main\server\routes\rice-productions.js:398:24
========================

=== Rice Production Error ===
Time: 2026-01-26T06:48:13.659Z
Message: new row for relation "rice_productions" violates check constraint "rice_productions_producttype_check"
Name: SequelizeDatabaseError
SQL: INSERT INTO "rice_productions" ("id","outturnId","date","productType","quantityQuintals","packagingId","bags","paddyBagsDeducted","movementType","locationCode","lorryNumber","billNumber","createdBy","status","approvedBy","approvedAt","createdAt","updatedAt") VALUES (DEFAULT,$1,$2,$3,$4,$5,$6,$7,$8,$9,$10,$11,$12,$13,$14,$15,$16,$17) RETURNING "id","outturnId","date","productType","quantityQuintals","packagingId","bags","paddyBagsDeducted","movementType","locationCode","lorryNumber","billNumber","createdBy","status","approvedBy","approvedAt","createdAt","updatedAt";
Stack: Error
    at Query.run (C:\Users\maju\Downloads\ashish_personell-main\ashish_personell-main\ashish_personell-main\ashish_personell-main\server\node_modules\sequelize\lib\dialects\postgres\query.js:50:25)
    at C:\Users\maju\Downloads\ashish_personell-main\ashish_personell-main\ashish_personell-main\ashish_personell-main\server\node_modules\sequelize\lib\sequelize.js:315:28
    at process.processTicksAndRejections (node:internal/process/task_queues:105:5)
    at async PostgresQueryInterface.insert (C:\Users\maju\Downloads\ashish_personell-main\ashish_personell-main\ashish_personell-main\ashish_personell-main\server\node_modules\sequelize\lib\dialects\abstract\query-interface.js:308:21)
    at async model.save (C:\Users\maju\Downloads\ashish_personell-main\ashish_personell-main\ashish_personell-main\ashish_personell-main\server\node_modules\sequelize\lib\model.js:2490:35)
    at async RiceProduction.create (C:\Users\maju\Downloads\ashish_personell-main\ashish_personell-main\ashish_personell-main\ashish_personell-main\server\node_modules\sequelize\lib\model.js:1362:12)
    at async C:\Users\maju\Downloads\ashish_personell-main\ashish_personell-main\ashish_personell-main\ashish_personell-main\server\routes\rice-productions.js:423:24
========================

=== Rice Production Error ===
Time: 2026-01-26T11:38:58.251Z
Message: new row for relation "rice_productions" violates check constraint "rice_productions_producttype_check"
Name: SequelizeDatabaseError
SQL: INSERT INTO "rice_productions" ("id","outturnId","date","productType","quantityQuintals","packagingId","bags","paddyBagsDeducted","movementType","locationCode","lorryNumber","billNumber","createdBy","status","approvedBy","approvedAt","createdAt","updatedAt") VALUES (DEFAULT,$1,$2,$3,$4,$5,$6,$7,$8,$9,$10,$11,$12,$13,$14,$15,$16,$17) RETURNING "id","outturnId","date","productType","quantityQuintals","packagingId","bags","paddyBagsDeducted","movementType","locationCode","lorryNumber","billNumber","createdBy","status","approvedBy","approvedAt","createdAt","updatedAt";
Stack: Error
    at Query.run (C:\Users\maju\Downloads\ashish_personell-main\ashish_personell-main\ashish_personell-main\ashish_personell-main\server\node_modules\sequelize\lib\dialects\postgres\query.js:50:25)
    at C:\Users\maju\Downloads\ashish_personell-main\ashish_personell-main\ashish_personell-main\ashish_personell-main\server\node_modules\sequelize\lib\sequelize.js:315:28
    at process.processTicksAndRejections (node:internal/process/task_queues:105:5)
    at async PostgresQueryInterface.insert (C:\Users\maju\Downloads\ashish_personell-main\ashish_personell-main\ashish_personell-main\ashish_personell-main\server\node_modules\sequelize\lib\dialects\abstract\query-interface.js:308:21)
    at async model.save (C:\Users\maju\Downloads\ashish_personell-main\ashish_personell-main\ashish_personell-main\ashish_personell-main\server\node_modules\sequelize\lib\model.js:2490:35)
    at async RiceProduction.create (C:\Users\maju\Downloads\ashish_personell-main\ashish_personell-main\ashish_personell-main\ashish_personell-main\server\node_modules\sequelize\lib\model.js:1362:12)
    at async C:\Users\maju\Downloads\ashish_personell-main\ashish_personell-main\ashish_personell-main\ashish_personell-main\server\routes\rice-productions.js:423:24
========================

=== Rice Production Error ===
Time: 2026-01-26T11:39:16.343Z
Message: new row for relation "rice_productions" violates check constraint "rice_productions_producttype_check"
Name: SequelizeDatabaseError
SQL: INSERT INTO "rice_productions" ("id","outturnId","date","productType","quantityQuintals","packagingId","bags","paddyBagsDeducted","movementType","locationCode","lorryNumber","billNumber","createdBy","status","approvedBy","approvedAt","createdAt","updatedAt") VALUES (DEFAULT,$1,$2,$3,$4,$5,$6,$7,$8,$9,$10,$11,$12,$13,$14,$15,$16,$17) RETURNING "id","outturnId","date","productType","quantityQuintals","packagingId","bags","paddyBagsDeducted","movementType","locationCode","lorryNumber","billNumber","createdBy","status","approvedBy","approvedAt","createdAt","updatedAt";
Stack: Error
    at Query.run (C:\Users\maju\Downloads\ashish_personell-main\ashish_personell-main\ashish_personell-main\ashish_personell-main\server\node_modules\sequelize\lib\dialects\postgres\query.js:50:25)
    at C:\Users\maju\Downloads\ashish_personell-main\ashish_personell-main\ashish_personell-main\ashish_personell-main\server\node_modules\sequelize\lib\sequelize.js:315:28
    at process.processTicksAndRejections (node:internal/process/task_queues:105:5)
    at async PostgresQueryInterface.insert (C:\Users\maju\Downloads\ashish_personell-main\ashish_personell-main\ashish_personell-main\ashish_personell-main\server\node_modules\sequelize\lib\dialects\abstract\query-interface.js:308:21)
    at async model.save (C:\Users\maju\Downloads\ashish_personell-main\ashish_personell-main\ashish_personell-main\ashish_personell-main\server\node_modules\sequelize\lib\model.js:2490:35)
    at async RiceProduction.create (C:\Users\maju\Downloads\ashish_personell-main\ashish_personell-main\ashish_personell-main\ashish_personell-main\server\node_modules\sequelize\lib\model.js:1362:12)
    at async C:\Users\maju\Downloads\ashish_personell-main\ashish_personell-main\ashish_personell-main\ashish_personell-main\server\routes\rice-productions.js:423:24
========================

=== Rice Production Error ===
Time: 2026-01-26T11:40:01.977Z
Message: new row for relation "rice_productions" violates check constraint "rice_productions_producttype_check"
Name: SequelizeDatabaseError
SQL: INSERT INTO "rice_productions" ("id","outturnId","date","productType","quantityQuintals","packagingId","bags","paddyBagsDeducted","movementType","locationCode","lorryNumber","billNumber","createdBy","status","approvedBy","approvedAt","createdAt","updatedAt") VALUES (DEFAULT,$1,$2,$3,$4,$5,$6,$7,$8,$9,$10,$11,$12,$13,$14,$15,$16,$17) RETURNING "id","outturnId","date","productType","quantityQuintals","packagingId","bags","paddyBagsDeducted","movementType","locationCode","lorryNumber","billNumber","createdBy","status","approvedBy","approvedAt","createdAt","updatedAt";
Stack: Error
    at Query.run (C:\Users\maju\Downloads\ashish_personell-main\ashish_personell-main\ashish_personell-main\ashish_personell-main\server\node_modules\sequelize\lib\dialects\postgres\query.js:50:25)
    at C:\Users\maju\Downloads\ashish_personell-main\ashish_personell-main\ashish_personell-main\ashish_personell-main\server\node_modules\sequelize\lib\sequelize.js:315:28
    at process.processTicksAndRejections (node:internal/process/task_queues:105:5)
    at async PostgresQueryInterface.insert (C:\Users\maju\Downloads\ashish_personell-main\ashish_personell-main\ashish_personell-main\ashish_personell-main\server\node_modules\sequelize\lib\dialects\abstract\query-interface.js:308:21)
    at async model.save (C:\Users\maju\Downloads\ashish_personell-main\ashish_personell-main\ashish_personell-main\ashish_personell-main\server\node_modules\sequelize\lib\model.js:2490:35)
    at async RiceProduction.create (C:\Users\maju\Downloads\ashish_personell-main\ashish_personell-main\ashish_personell-main\ashish_personell-main\server\node_modules\sequelize\lib\model.js:1362:12)
    at async C:\Users\maju\Downloads\ashish_personell-main\ashish_personell-main\ashish_personell-main\ashish_personell-main\server\routes\rice-productions.js:423:24
========================

=== Rice Production Error ===
Time: 2026-01-26T11:40:17.436Z
Message: new row for relation "rice_productions" violates check constraint "rice_productions_producttype_check"
Name: SequelizeDatabaseError
SQL: INSERT INTO "rice_productions" ("id","outturnId","date","productType","quantityQuintals","packagingId","bags","paddyBagsDeducted","movementType","locationCode","lorryNumber","billNumber","createdBy","status","approvedBy","approvedAt","createdAt","updatedAt") VALUES (DEFAULT,$1,$2,$3,$4,$5,$6,$7,$8,$9,$10,$11,$12,$13,$14,$15,$16,$17) RETURNING "id","outturnId","date","productType","quantityQuintals","packagingId","bags","paddyBagsDeducted","movementType","locationCode","lorryNumber","billNumber","createdBy","status","approvedBy","approvedAt","createdAt","updatedAt";
Stack: Error
    at Query.run (C:\Users\maju\Downloads\ashish_personell-main\ashish_personell-main\ashish_personell-main\ashish_personell-main\server\node_modules\sequelize\lib\dialects\postgres\query.js:50:25)
    at C:\Users\maju\Downloads\ashish_personell-main\ashish_personell-main\ashish_personell-main\ashish_personell-main\server\node_modules\sequelize\lib\sequelize.js:315:28
    at process.processTicksAndRejections (node:internal/process/task_queues:105:5)
    at async PostgresQueryInterface.insert (C:\Users\maju\Downloads\ashish_personell-main\ashish_personell-main\ashish_personell-main\ashish_personell-main\server\node_modules\sequelize\lib\dialects\abstract\query-interface.js:308:21)
    at async model.save (C:\Users\maju\Downloads\ashish_personell-main\ashish_personell-main\ashish_personell-main\ashish_personell-main\server\node_modules\sequelize\lib\model.js:2490:35)
    at async RiceProduction.create (C:\Users\maju\Downloads\ashish_personell-main\ashish_personell-main\ashish_personell-main\ashish_personell-main\server\node_modules\sequelize\lib\model.js:1362:12)
    at async C:\Users\maju\Downloads\ashish_personell-main\ashish_personell-main\ashish_personell-main\ashish_personell-main\server\routes\rice-productions.js:423:24
========================

=== Rice Production Error ===
Time: 2026-01-26T16:42:49.938Z
Message: new row for relation "rice_productions" violates check constraint "rice_productions_producttype_check"
Name: SequelizeDatabaseError
SQL: INSERT INTO "rice_productions" ("id","outturnId","date","productType","quantityQuintals","packagingId","bags","paddyBagsDeducted","movementType","locationCode","lorryNumber","billNumber","createdBy","status","approvedBy","approvedAt","createdAt","updatedAt") VALUES (DEFAULT,$1,$2,$3,$4,$5,$6,$7,$8,$9,$10,$11,$12,$13,$14,$15,$16,$17) RETURNING "id","outturnId","date","productType","quantityQuintals","packagingId","bags","paddyBagsDeducted","movementType","locationCode","lorryNumber","billNumber","createdBy","status","approvedBy","approvedAt","createdAt","updatedAt";
Stack: Error
    at Query.run (C:\Users\maju\Downloads\ashish_personell-main\ashish_personell-main\ashish_personell-main\ashish_personell-main\server\node_modules\sequelize\lib\dialects\postgres\query.js:50:25)
    at C:\Users\maju\Downloads\ashish_personell-main\ashish_personell-main\ashish_personell-main\ashish_personell-main\server\node_modules\sequelize\lib\sequelize.js:315:28
    at process.processTicksAndRejections (node:internal/process/task_queues:105:5)
    at async PostgresQueryInterface.insert (C:\Users\maju\Downloads\ashish_personell-main\ashish_personell-main\ashish_personell-main\ashish_personell-main\server\node_modules\sequelize\lib\dialects\abstract\query-interface.js:308:21)
    at async model.save (C:\Users\maju\Downloads\ashish_personell-main\ashish_personell-main\ashish_personell-main\ashish_personell-main\server\node_modules\sequelize\lib\model.js:2490:35)
    at async RiceProduction.create (C:\Users\maju\Downloads\ashish_personell-main\ashish_personell-main\ashish_personell-main\ashish_personell-main\server\node_modules\sequelize\lib\model.js:1362:12)
    at async C:\Users\maju\Downloads\ashish_personell-main\ashish_personell-main\ashish_personell-main\ashish_personell-main\server\routes\rice-productions.js:434:24
========================

=== Rice Production Error ===
Time: 2026-01-26T16:47:08.051Z
Message: new row for relation "rice_productions" violates check constraint "rice_productions_producttype_check"
Name: SequelizeDatabaseError
SQL: INSERT INTO "rice_productions" ("id","outturnId","date","productType","quantityQuintals","packagingId","bags","paddyBagsDeducted","movementType","locationCode","lorryNumber","billNumber","createdBy","status","approvedBy","approvedAt","createdAt","updatedAt") VALUES (DEFAULT,$1,$2,$3,$4,$5,$6,$7,$8,$9,$10,$11,$12,$13,$14,$15,$16,$17) RETURNING "id","outturnId","date","productType","quantityQuintals","packagingId","bags","paddyBagsDeducted","movementType","locationCode","lorryNumber","billNumber","createdBy","status","approvedBy","approvedAt","createdAt","updatedAt";
Stack: Error
    at Query.run (C:\Users\maju\Downloads\ashish_personell-main\ashish_personell-main\ashish_personell-main\ashish_personell-main\server\node_modules\sequelize\lib\dialects\postgres\query.js:50:25)
    at C:\Users\maju\Downloads\ashish_personell-main\ashish_personell-main\ashish_personell-main\ashish_personell-main\server\node_modules\sequelize\lib\sequelize.js:315:28
    at process.processTicksAndRejections (node:internal/process/task_queues:105:5)
    at async PostgresQueryInterface.insert (C:\Users\maju\Downloads\ashish_personell-main\ashish_personell-main\ashish_personell-main\ashish_personell-main\server\node_modules\sequelize\lib\dialects\abstract\query-interface.js:308:21)
    at async model.save (C:\Users\maju\Downloads\ashish_personell-main\ashish_personell-main\ashish_personell-main\ashish_personell-main\server\node_modules\sequelize\lib\model.js:2490:35)
    at async RiceProduction.create (C:\Users\maju\Downloads\ashish_personell-main\ashish_personell-main\ashish_personell-main\ashish_personell-main\server\node_modules\sequelize\lib\model.js:1362:12)
    at async C:\Users\maju\Downloads\ashish_personell-main\ashish_personell-main\ashish_personell-main\ashish_personell-main\server\routes\rice-productions.js:434:24
========================

=== Rice Production Error ===
Time: 2026-01-27T08:09:27.978Z
Message: new row for relation "rice_productions" violates check constraint "rice_productions_producttype_check"
Name: SequelizeDatabaseError
SQL: INSERT INTO "rice_productions" ("id","outturnId","date","productType","quantityQuintals","packagingId","bags","paddyBagsDeducted","movementType","locationCode","lorryNumber","billNumber","createdBy","status","approvedBy","approvedAt","createdAt","updatedAt") VALUES (DEFAULT,$1,$2,$3,$4,$5,$6,$7,$8,$9,$10,$11,$12,$13,$14,$15,$16,$17) RETURNING "id","outturnId","date","productType","quantityQuintals","packagingId","bags","paddyBagsDeducted","movementType","locationCode","lorryNumber","billNumber","createdBy","status","approvedBy","approvedAt","createdAt","updatedAt";
Stack: Error
    at Query.run (C:\Users\maju\Downloads\ashish_personell-main\ashish_personell-main\ashish_personell-main\ashish_personell-main\server\node_modules\sequelize\lib\dialects\postgres\query.js:50:25)
    at C:\Users\maju\Downloads\ashish_personell-main\ashish_personell-main\ashish_personell-main\ashish_personell-main\server\node_modules\sequelize\lib\sequelize.js:315:28
    at process.processTicksAndRejections (node:internal/process/task_queues:105:5)
    at async PostgresQueryInterface.insert (C:\Users\maju\Downloads\ashish_personell-main\ashish_personell-main\ashish_personell-main\ashish_personell-main\server\node_modules\sequelize\lib\dialects\abstract\query-interface.js:308:21)
    at async model.save (C:\Users\maju\Downloads\ashish_personell-main\ashish_personell-main\ashish_personell-main\ashish_personell-main\server\node_modules\sequelize\lib\model.js:2490:35)
    at async RiceProduction.create (C:\Users\maju\Downloads\ashish_personell-main\ashish_personell-main\ashish_personell-main\ashish_personell-main\server\node_modules\sequelize\lib\model.js:1362:12)
    at async C:\Users\maju\Downloads\ashish_personell-main\ashish_personell-main\ashish_personell-main\ashish_personell-main\server\routes\rice-productions.js:434:24
========================

=== Rice Production Error ===
Time: 2026-01-27T13:41:34.985Z
Message: new row for relation "rice_productions" violates check constraint "rice_productions_producttype_check"
Name: SequelizeDatabaseError
SQL: INSERT INTO "rice_productions" ("id","outturnId","date","productType","quantityQuintals","packagingId","bags","paddyBagsDeducted","movementType","locationCode","lorryNumber","billNumber","createdBy","status","approvedBy","approvedAt","createdAt","updatedAt") VALUES (DEFAULT,$1,$2,$3,$4,$5,$6,$7,$8,$9,$10,$11,$12,$13,$14,$15,$16,$17) RETURNING "id","outturnId","date","productType","quantityQuintals","packagingId","bags","paddyBagsDeducted","movementType","locationCode","lorryNumber","billNumber","createdBy","status","approvedBy","approvedAt","createdAt","updatedAt";
Stack: Error
    at Query.run (C:\Users\maju\Downloads\ashish_personell-main\ashish_personell-main\ashish_personell-main\ashish_personell-main\server\node_modules\sequelize\lib\dialects\postgres\query.js:50:25)
    at C:\Users\maju\Downloads\ashish_personell-main\ashish_personell-main\ashish_personell-main\ashish_personell-main\server\node_modules\sequelize\lib\sequelize.js:315:28
    at process.processTicksAndRejections (node:internal/process/task_queues:105:5)
    at async PostgresQueryInterface.insert (C:\Users\maju\Downloads\ashish_personell-main\ashish_personell-main\ashish_personell-main\ashish_personell-main\server\node_modules\sequelize\lib\dialects\abstract\query-interface.js:308:21)
    at async model.save (C:\Users\maju\Downloads\ashish_personell-main\ashish_personell-main\ashish_personell-main\ashish_personell-main\server\node_modules\sequelize\lib\model.js:2490:35)
    at async RiceProduction.create (C:\Users\maju\Downloads\ashish_personell-main\ashish_personell-main\ashish_personell-main\ashish_personell-main\server\node_modules\sequelize\lib\model.js:1362:12)
    at async C:\Users\maju\Downloads\ashish_personell-main\ashish_personell-main\ashish_personell-main\ashish_personell-main\server\routes\rice-productions.js:434:24
========================

=== Rice Production Error ===
Time: 2026-01-27T13:41:53.394Z
Message: new row for relation "rice_productions" violates check constraint "rice_productions_producttype_check"
Name: SequelizeDatabaseError
SQL: INSERT INTO "rice_productions" ("id","outturnId","date","productType","quantityQuintals","packagingId","bags","paddyBagsDeducted","movementType","locationCode","lorryNumber","billNumber","createdBy","status","approvedBy","approvedAt","createdAt","updatedAt") VALUES (DEFAULT,$1,$2,$3,$4,$5,$6,$7,$8,$9,$10,$11,$12,$13,$14,$15,$16,$17) RETURNING "id","outturnId","date","productType","quantityQuintals","packagingId","bags","paddyBagsDeducted","movementType","locationCode","lorryNumber","billNumber","createdBy","status","approvedBy","approvedAt","createdAt","updatedAt";
Stack: Error
    at Query.run (C:\Users\maju\Downloads\ashish_personell-main\ashish_personell-main\ashish_personell-main\ashish_personell-main\server\node_modules\sequelize\lib\dialects\postgres\query.js:50:25)
    at C:\Users\maju\Downloads\ashish_personell-main\ashish_personell-main\ashish_personell-main\ashish_personell-main\server\node_modules\sequelize\lib\sequelize.js:315:28
    at process.processTicksAndRejections (node:internal/process/task_queues:105:5)
    at async PostgresQueryInterface.insert (C:\Users\maju\Downloads\ashish_personell-main\ashish_personell-main\ashish_personell-main\ashish_personell-main\server\node_modules\sequelize\lib\dialects\abstract\query-interface.js:308:21)
    at async model.save (C:\Users\maju\Downloads\ashish_personell-main\ashish_personell-main\ashish_personell-main\ashish_personell-main\server\node_modules\sequelize\lib\model.js:2490:35)
    at async RiceProduction.create (C:\Users\maju\Downloads\ashish_personell-main\ashish_personell-main\ashish_personell-main\ashish_personell-main\server\node_modules\sequelize\lib\model.js:1362:12)
    at async C:\Users\maju\Downloads\ashish_personell-main\ashish_personell-main\ashish_personell-main\ashish_personell-main\server\routes\rice-productions.js:434:24
========================

=== Rice Production Error ===
Time: 2026-01-27T13:50:51.335Z
Message: new row for relation "rice_productions" violates check constraint "rice_productions_producttype_check"
Name: SequelizeDatabaseError
SQL: INSERT INTO "rice_productions" ("id","outturnId","date","productType","quantityQuintals","packagingId","bags","paddyBagsDeducted","movementType","locationCode","lorryNumber","billNumber","createdBy","status","approvedBy","approvedAt","createdAt","updatedAt") VALUES (DEFAULT,$1,$2,$3,$4,$5,$6,$7,$8,$9,$10,$11,$12,$13,$14,$15,$16,$17) RETURNING "id","outturnId","date","productType","quantityQuintals","packagingId","bags","paddyBagsDeducted","movementType","locationCode","lorryNumber","billNumber","createdBy","status","approvedBy","approvedAt","createdAt","updatedAt";
Stack: Error
    at Query.run (C:\Users\maju\Downloads\ashish_personell-main\ashish_personell-main\ashish_personell-main\ashish_personell-main\server\node_modules\sequelize\lib\dialects\postgres\query.js:50:25)
    at C:\Users\maju\Downloads\ashish_personell-main\ashish_personell-main\ashish_personell-main\ashish_personell-main\server\node_modules\sequelize\lib\sequelize.js:315:28
    at process.processTicksAndRejections (node:internal/process/task_queues:105:5)
    at async PostgresQueryInterface.insert (C:\Users\maju\Downloads\ashish_personell-main\ashish_personell-main\ashish_personell-main\ashish_personell-main\server\node_modules\sequelize\lib\dialects\abstract\query-interface.js:308:21)
    at async model.save (C:\Users\maju\Downloads\ashish_personell-main\ashish_personell-main\ashish_personell-main\ashish_personell-main\server\node_modules\sequelize\lib\model.js:2490:35)
    at async RiceProduction.create (C:\Users\maju\Downloads\ashish_personell-main\ashish_personell-main\ashish_personell-main\ashish_personell-main\server\node_modules\sequelize\lib\model.js:1362:12)
    at async C:\Users\maju\Downloads\ashish_personell-main\ashish_personell-main\ashish_personell-main\ashish_personell-main\server\routes\rice-productions.js:434:24
========================

=== Rice Production Error ===
Time: 2026-01-27T13:51:26.554Z
Message: new row for relation "rice_productions" violates check constraint "rice_productions_producttype_check"
Name: SequelizeDatabaseError
SQL: INSERT INTO "rice_productions" ("id","outturnId","date","productType","quantityQuintals","packagingId","bags","paddyBagsDeducted","movementType","locationCode","lorryNumber","billNumber","createdBy","status","approvedBy","approvedAt","createdAt","updatedAt") VALUES (DEFAULT,$1,$2,$3,$4,$5,$6,$7,$8,$9,$10,$11,$12,$13,$14,$15,$16,$17) RETURNING "id","outturnId","date","productType","quantityQuintals","packagingId","bags","paddyBagsDeducted","movementType","locationCode","lorryNumber","billNumber","createdBy","status","approvedBy","approvedAt","createdAt","updatedAt";
Stack: Error
    at Query.run (C:\Users\maju\Downloads\ashish_personell-main\ashish_personell-main\ashish_personell-main\ashish_personell-main\server\node_modules\sequelize\lib\dialects\postgres\query.js:50:25)
    at C:\Users\maju\Downloads\ashish_personell-main\ashish_personell-main\ashish_personell-main\ashish_personell-main\server\node_modules\sequelize\lib\sequelize.js:315:28
    at process.processTicksAndRejections (node:internal/process/task_queues:105:5)
    at async PostgresQueryInterface.insert (C:\Users\maju\Downloads\ashish_personell-main\ashish_personell-main\ashish_personell-main\ashish_personell-main\server\node_modules\sequelize\lib\dialects\abstract\query-interface.js:308:21)
    at async model.save (C:\Users\maju\Downloads\ashish_personell-main\ashish_personell-main\ashish_personell-main\ashish_personell-main\server\node_modules\sequelize\lib\model.js:2490:35)
    at async RiceProduction.create (C:\Users\maju\Downloads\ashish_personell-main\ashish_personell-main\ashish_personell-main\ashish_personell-main\server\node_modules\sequelize\lib\model.js:1362:12)
    at async C:\Users\maju\Downloads\ashish_personell-main\ashish_personell-main\ashish_personell-main\ashish_personell-main\server\routes\rice-productions.js:434:24
========================

=== Rice Production Error ===
Time: 2026-01-27T13:53:41.561Z
Message: new row for relation "rice_productions" violates check constraint "rice_productions_producttype_check"
Name: SequelizeDatabaseError
SQL: INSERT INTO "rice_productions" ("id","outturnId","date","productType","quantityQuintals","packagingId","bags","paddyBagsDeducted","movementType","locationCode","lorryNumber","billNumber","createdBy","status","approvedBy","approvedAt","createdAt","updatedAt") VALUES (DEFAULT,$1,$2,$3,$4,$5,$6,$7,$8,$9,$10,$11,$12,$13,$14,$15,$16,$17) RETURNING "id","outturnId","date","productType","quantityQuintals","packagingId","bags","paddyBagsDeducted","movementType","locationCode","lorryNumber","billNumber","createdBy","status","approvedBy","approvedAt","createdAt","updatedAt";
Stack: Error
    at Query.run (C:\Users\maju\Downloads\ashish_personell-main\ashish_personell-main\ashish_personell-main\ashish_personell-main\server\node_modules\sequelize\lib\dialects\postgres\query.js:50:25)
    at C:\Users\maju\Downloads\ashish_personell-main\ashish_personell-main\ashish_personell-main\ashish_personell-main\server\node_modules\sequelize\lib\sequelize.js:315:28
    at process.processTicksAndRejections (node:internal/process/task_queues:105:5)
    at async PostgresQueryInterface.insert (C:\Users\maju\Downloads\ashish_personell-main\ashish_personell-main\ashish_personell-main\ashish_personell-main\server\node_modules\sequelize\lib\dialects\abstract\query-interface.js:308:21)
    at async model.save (C:\Users\maju\Downloads\ashish_personell-main\ashish_personell-main\ashish_personell-main\ashish_personell-main\server\node_modules\sequelize\lib\model.js:2490:35)
    at async RiceProduction.create (C:\Users\maju\Downloads\ashish_personell-main\ashish_personell-main\ashish_personell-main\ashish_personell-main\server\node_modules\sequelize\lib\model.js:1362:12)
    at async C:\Users\maju\Downloads\ashish_personell-main\ashish_personell-main\ashish_personell-main\ashish_personell-main\server\routes\rice-productions.js:434:24
========================

=== Rice Production Error ===
Time: 2026-01-27T13:54:20.913Z
Message: new row for relation "rice_productions" violates check constraint "rice_productions_producttype_check"
Name: SequelizeDatabaseError
SQL: INSERT INTO "rice_productions" ("id","outturnId","date","productType","quantityQuintals","packagingId","bags","paddyBagsDeducted","movementType","locationCode","lorryNumber","billNumber","createdBy","status","approvedBy","approvedAt","createdAt","updatedAt") VALUES (DEFAULT,$1,$2,$3,$4,$5,$6,$7,$8,$9,$10,$11,$12,$13,$14,$15,$16,$17) RETURNING "id","outturnId","date","productType","quantityQuintals","packagingId","bags","paddyBagsDeducted","movementType","locationCode","lorryNumber","billNumber","createdBy","status","approvedBy","approvedAt","createdAt","updatedAt";
Stack: Error
    at Query.run (C:\Users\maju\Downloads\ashish_personell-main\ashish_personell-main\ashish_personell-main\ashish_personell-main\server\node_modules\sequelize\lib\dialects\postgres\query.js:50:25)
    at C:\Users\maju\Downloads\ashish_personell-main\ashish_personell-main\ashish_personell-main\ashish_personell-main\server\node_modules\sequelize\lib\sequelize.js:315:28
    at process.processTicksAndRejections (node:internal/process/task_queues:105:5)
    at async PostgresQueryInterface.insert (C:\Users\maju\Downloads\ashish_personell-main\ashish_personell-main\ashish_personell-main\ashish_personell-main\server\node_modules\sequelize\lib\dialects\abstract\query-interface.js:308:21)
    at async model.save (C:\Users\maju\Downloads\ashish_personell-main\ashish_personell-main\ashish_personell-main\ashish_personell-main\server\node_modules\sequelize\lib\model.js:2490:35)
    at async RiceProduction.create (C:\Users\maju\Downloads\ashish_personell-main\ashish_personell-main\ashish_personell-main\ashish_personell-main\server\node_modules\sequelize\lib\model.js:1362:12)
    at async C:\Users\maju\Downloads\ashish_personell-main\ashish_personell-main\ashish_personell-main\ashish_personell-main\server\routes\rice-productions.js:434:24
========================
